\BOOKMARK [1][-]{section.1}{\376\377\000D\000i\000f\000f\000e\000r\000e\000n\000t\000i\000a\000l\000\040\000e\000q\000u\000a\000t\000i\000o\000n\000s}{}% 1
\BOOKMARK [2][-]{subsection.1.1}{\376\377\000L\000i\000n\000e\000a\000r\000\040\000O\000D\000E\000'\000s\000\040\000o\000f\000\040\000o\000r\000d\000e\000r\000\040\0001}{section.1}% 2
\BOOKMARK [2][-]{subsection.1.2}{\376\377\000V\000a\000r\000i\000a\000t\000i\000o\000n\000\040\000o\000f\000\040\000p\000a\000r\000a\000m\000e\000t\000e\000r\000s}{section.1}% 3
\BOOKMARK [2][-]{subsection.1.3}{\376\377\000E\000d\000u\000c\000a\000t\000e\000d\000\040\000G\000u\000e\000s\000s\000\040\000f\000o\000r\000\040\000c\000o\000n\000s\000t\000a\000n\000t\000\040\000c\000o\000e\000f\000f\000i\000c\000i\000e\000n\000t\000s}{section.1}% 4
\BOOKMARK [2][-]{subsection.1.4}{\376\377\000L\000i\000n\000e\000a\000r\000\040\000O\000D\000E\000'\000s\000\040\000w\000i\000t\000h\000\040\000c\000o\000n\000s\000t\000a\000n\000t\000\040\000c\000o\000e\000f\000f\000i\000c\000i\000e\000n\000t\000s}{section.1}% 5
\BOOKMARK [2][-]{subsection.1.5}{\376\377\000S\000e\000p\000e\000r\000a\000t\000i\000o\000n\000\040\000o\000f\000\040\000V\000a\000r\000i\000a\000b\000l\000e\000s}{section.1}% 6
\BOOKMARK [1][-]{section.2}{\376\377\000D\000e\000r\000i\000v\000a\000t\000i\000o\000n\000s\000\040\000i\000n\000\040\000R\040\177}{}% 7
\BOOKMARK [2][-]{subsection.2.1}{\376\377\000C\000o\000n\000v\000e\000r\000g\000e\000n\000c\000e}{section.2}% 8
\BOOKMARK [2][-]{subsection.2.2}{\376\377\000C\000o\000n\000t\000i\000n\000u\000i\000t\000y}{section.2}% 9
\BOOKMARK [2][-]{subsection.2.3}{\376\377\000P\000r\000o\000p\000e\000r\000t\000i\000e\000s\000\040\000o\000f\000\040\000s\000e\000t\000s}{section.2}% 10
\BOOKMARK [2][-]{subsection.2.4}{\376\377\000P\000a\000r\000t\000i\000a\000l\000\040\000D\000e\000r\000i\000v\000a\000t\000i\000v\000e\000s}{section.2}% 11
\BOOKMARK [2][-]{subsection.2.5}{\376\377\000D\000i\000f\000f\000e\000r\000e\000n\000t\000i\000a\000b\000i\000l\000i\000t\000y}{section.2}% 12
\BOOKMARK [2][-]{subsection.2.6}{\376\377\000H\000i\000g\000h\000e\000r\000\040\000d\000e\000r\000i\000v\000a\000t\000i\000v\000e\000s}{section.2}% 13
\BOOKMARK [2][-]{subsection.2.7}{\376\377\000T\000a\000y\000l\000o\000r\000\040\000p\000o\000l\000y\000n\000o\000m\000i\000a\000l\000s}{section.2}% 14
\BOOKMARK [2][-]{subsection.2.8}{\376\377\000E\000x\000t\000r\000e\000m\000a}{section.2}% 15
\BOOKMARK [2][-]{subsection.2.9}{\376\377\000D\000e\000f\000i\000n\000i\000t\000e}{section.2}% 16
\BOOKMARK [1][-]{section.3}{\376\377\000I\000n\000t\000e\000g\000r\000a\000l\000s\000\040\000i\000n\000\040\000R\040\177}{}% 17
\BOOKMARK [2][-]{subsection.3.1}{\376\377\000S\000i\000m\000p\000l\000e\000\040\000I\000n\000t\000e\000g\000r\000a\000l\000s}{section.3}% 18
\BOOKMARK [2][-]{subsection.3.2}{\376\377\000L\000i\000n\000e\000\040\000I\000n\000t\000e\000g\000r\000a\000l\000s\000\040\000\050\000P\000a\000t\000h\000\040\000I\000n\000t\000e\000g\000r\000a\000l\000s\000\051}{section.3}% 19
\BOOKMARK [2][-]{subsection.3.3}{\376\377\000P\000o\000t\000e\000n\000t\000i\000a\000l}{section.3}% 20
\BOOKMARK [2][-]{subsection.3.4}{\376\377\000C\000o\000n\000s\000e\000r\000v\000a\000t\000i\000v\000e\000\040\000V\000e\000c\000t\000o\000r\000\040\000f\000i\000e\000l\000d\000s}{section.3}% 21
\BOOKMARK [2][-]{subsection.3.5}{\376\377\000R\000i\000e\000m\000a\000n\000n\000\040\000I\000n\000t\000e\000g\000r\000a\000l\000\040\000i\000n\000\040\000R\040\177}{section.3}% 22
\BOOKMARK [3][-]{subsubsection.3.5.1}{\376\377\000G\000e\000n\000e\000r\000a\000l\000\040\000s\000e\000t\000s}{subsection.3.5}% 23
\BOOKMARK [3][-]{subsubsection.3.5.2}{\376\377\000P\000r\000o\000p\000e\000r\000t\000i\000e\000s\000\040\000o\000f\000\040\000t\000h\000e\000\040\000I\000n\000t\000e\000g\000r\000a\000l}{subsection.3.5}% 24
\BOOKMARK [3][-]{subsubsection.3.5.3}{\376\377\000N\000e\000g\000l\000i\000g\000i\000b\000l\000e\000\040\000S\000e\000t\000s}{subsection.3.5}% 25
\BOOKMARK [2][-]{subsection.3.6}{\376\377\000C\000h\000a\000n\000g\000e\000\040\000o\000f\000\040\000V\000a\000r\000i\000a\000b\000l\000e\000s}{section.3}% 26
\BOOKMARK [2][-]{subsection.3.7}{\376\377\000G\000r\000e\000e\000n\000'\000s\000\040\000t\000h\000e\000o\000r\000e\000m}{section.3}% 27
\BOOKMARK [1][-]{section.4}{\376\377\000T\000o\000p\000i\000c\000s\000\040\000f\000r\000o\000m\000\040\000A\000n\000a\000l\000y\000s\000i\000s\000\040\000I}{}% 28
\BOOKMARK [1][-]{section.5}{\376\377\000T\000r\000i\000g\000o\000n\000o\000m\000e\000t\000r\000i\000c\000\040\000f\000o\000r\000m\000u\000l\000a\000s}{}% 29
\BOOKMARK [1][-]{section.6}{\376\377\000T\000a\000b\000l\000e\000s}{}% 30
\BOOKMARK [1][-]{section.7}{\376\377\000S\000o\000u\000r\000c\000e\000s}{}% 31
